<?xml version="1.0" encoding="UTF-8"?>
<!-- Generated by org.testng.reporters.JUnitReportReporter -->
<testsuite hostname="Lenovo-Laptop" name="com.fufang.testcase.ep.supplierapi.UpdatePriceAndStoreNum" tests="1" failures="0" timestamp="13 Jan 2017 06:38:39 GMT" time="0.225" errors="0">
  <testcase name="updatePriceAndStoreNum" time="0.225" classname="com.fufang.testcase.ep.supplierapi.UpdatePriceAndStoreNum"/>
</testsuite> <!-- com.fufang.testcase.ep.supplierapi.UpdatePriceAndStoreNum -->
