<?xml version="1.0" encoding="UTF-8"?>
<!-- Generated by org.testng.reporters.JUnitReportReporter -->
<testsuite hostname="Lenovo-Laptop" name="com.testcase.his.AgreeReturnMat" tests="2" failures="0" timestamp="30 Dec 2016 03:00:17 GMT" time="0.893" errors="0">
  <testcase name="invalidParams" time="0.800" classname="com.testcase.his.AgreeReturnMat"/>
  <testcase name="returenMat" time="0.093" classname="com.testcase.his.AgreeReturnMat"/>
</testsuite> <!-- com.testcase.his.AgreeReturnMat -->
