<?xml version="1.0" encoding="UTF-8"?>
<!-- Generated by org.testng.reporters.JUnitReportReporter -->
<testsuite hostname="Lenovo-Laptop" name="com.fufang.testcase.ep.supplierapi.UpdateMaterial" tests="1" failures="0" timestamp="13 Jan 2017 06:38:39 GMT" time="0.097" errors="0">
  <testcase name="updateMed" time="0.097" classname="com.fufang.testcase.ep.supplierapi.UpdateMaterial"/>
</testsuite> <!-- com.fufang.testcase.ep.supplierapi.UpdateMaterial -->
