<?xml version="1.0" encoding="UTF-8"?>
<!-- Generated by org.testng.reporters.JUnitReportReporter -->
<testsuite hostname="Lenovo-Laptop" name="com.testcase.his.GetMaterialContents" tests="1" failures="0" timestamp="27 Dec 2016 09:44:11 GMT" time="0.402" errors="0">
  <testcase name="getContents" time="0.402" classname="com.testcase.his.GetMaterialContents"/>
</testsuite> <!-- com.testcase.his.GetMaterialContents -->
