<?xml version="1.0" encoding="UTF-8"?>
<!-- Generated by org.testng.reporters.JUnitReportReporter -->
<testsuite hostname="Lenovo-Laptop" name="com.fufang.testcase.ep.supplierapi.UpdateSalesState" tests="1" failures="0" timestamp="13 Jan 2017 06:38:39 GMT" time="0.148" errors="0">
  <testcase name="updateSalesState" time="0.148" classname="com.fufang.testcase.ep.supplierapi.UpdateSalesState"/>
</testsuite> <!-- com.fufang.testcase.ep.supplierapi.UpdateSalesState -->
