<?xml version="1.0" encoding="UTF-8"?>
<!-- Generated by org.testng.reporters.JUnitReportReporter -->
<testsuite hostname="Lenovo-Laptop" name="com.fufang.testcase.his.AgreeReturnMat" tests="2" failures="0" timestamp="16 Jan 2017 05:48:16 GMT" time="0.109" errors="0">
  <testcase name="returenMat" time="0.090" classname="com.fufang.testcase.his.AgreeReturnMat"/>
  <testcase name="invalidParams" time="0.019" classname="com.fufang.testcase.his.AgreeReturnMat"/>
</testsuite> <!-- com.fufang.testcase.his.AgreeReturnMat -->
