<?xml version="1.0" encoding="UTF-8"?>
<!-- Generated by org.testng.reporters.JUnitReportReporter -->
<testsuite hostname="Lenovo-Laptop" name="com.fufang.testcase.his.QueryPrescription" tests="2" failures="0" timestamp="16 Jan 2017 05:48:16 GMT" time="0.148" errors="0">
  <testcase name="invalidParams" time="0.030" classname="com.fufang.testcase.his.QueryPrescription"/>
  <testcase name="queryPrescription" time="0.118" classname="com.fufang.testcase.his.QueryPrescription"/>
</testsuite> <!-- com.fufang.testcase.his.QueryPrescription -->
