<?xml version="1.0" encoding="UTF-8"?>
<!-- Generated by org.testng.reporters.JUnitReportReporter -->
<testsuite hostname="Lenovo-Laptop" name="com.testcase.ep.elasticsearch.SearchEPPrd" tests="12" failures="0" timestamp="27 Dec 2016 04:33:17 GMT" time="0.996" errors="0">
  <testcase name="duplicateVerify" time="0.523" classname="com.testcase.ep.elasticsearch.SearchEPPrd"/>
  <testcase name="searchNameDosage" time="0.058" classname="com.testcase.ep.elasticsearch.SearchEPPrd"/>
  <testcase name="minScore" time="0.057" classname="com.testcase.ep.elasticsearch.SearchEPPrd"/>
  <testcase name="invalidParams" time="0.039" classname="com.testcase.ep.elasticsearch.SearchEPPrd"/>
  <testcase name="searchName" time="0.041" classname="com.testcase.ep.elasticsearch.SearchEPPrd"/>
  <testcase name="searchLicenseDosage" time="0.048" classname="com.testcase.ep.elasticsearch.SearchEPPrd"/>
  <testcase name="searchLicenseManufDosage" time="0.048" classname="com.testcase.ep.elasticsearch.SearchEPPrd"/>
  <testcase name="pageSize" time="0.042" classname="com.testcase.ep.elasticsearch.SearchEPPrd"/>
  <testcase name="searchManuf" time="0.037" classname="com.testcase.ep.elasticsearch.SearchEPPrd"/>
  <testcase name="searchLicense" time="0.040" classname="com.testcase.ep.elasticsearch.SearchEPPrd"/>
  <testcase name="searchSupplier" time="0.037" classname="com.testcase.ep.elasticsearch.SearchEPPrd"/>
  <testcase name="searchNameManuf" time="0.026" classname="com.testcase.ep.elasticsearch.SearchEPPrd"/>
</testsuite> <!-- com.testcase.ep.elasticsearch.SearchEPPrd -->
