<?xml version="1.0" encoding="UTF-8"?>
<!-- Generated by org.testng.reporters.JUnitReportReporter -->
<testsuite hostname="Lenovo-Laptop" name="com.fufang.testcase.ep.supplierapi.SaveOrUpdateAll" tests="2" failures="0" timestamp="13 Jan 2017 06:38:39 GMT" time="0.328" errors="0">
  <testcase name="updateMed" time="0.166" classname="com.fufang.testcase.ep.supplierapi.SaveOrUpdateAll"/>
  <testcase name="saveMed" time="0.162" classname="com.fufang.testcase.ep.supplierapi.SaveOrUpdateAll"/>
</testsuite> <!-- com.fufang.testcase.ep.supplierapi.SaveOrUpdateAll -->
