<?xml version="1.0" encoding="UTF-8"?>
<!-- Generated by org.testng.reporters.JUnitReportReporter -->
<testsuite hostname="Lenovo-Laptop" name="com.testcase.elasticsearch.SearchEPPrd" tests="12" failures="0" timestamp="26 Dec 2016 08:49:56 GMT" time="0.976" errors="0">
  <testcase name="searchNameManuf" time="0.044" classname="com.testcase.elasticsearch.SearchEPPrd"/>
  <testcase name="minScore" time="0.056" classname="com.testcase.elasticsearch.SearchEPPrd"/>
  <testcase name="searchLicenseDosage" time="0.042" classname="com.testcase.elasticsearch.SearchEPPrd"/>
  <testcase name="searchManuf" time="0.060" classname="com.testcase.elasticsearch.SearchEPPrd"/>
  <testcase name="searchName" time="0.023" classname="com.testcase.elasticsearch.SearchEPPrd"/>
  <testcase name="invalidParams" time="0.016" classname="com.testcase.elasticsearch.SearchEPPrd"/>
  <testcase name="searchNameDosage" time="0.019" classname="com.testcase.elasticsearch.SearchEPPrd"/>
  <testcase name="duplicateVerify" time="0.546" classname="com.testcase.elasticsearch.SearchEPPrd"/>
  <testcase name="searchSupplier" time="0.036" classname="com.testcase.elasticsearch.SearchEPPrd"/>
  <testcase name="searchLicense" time="0.061" classname="com.testcase.elasticsearch.SearchEPPrd"/>
  <testcase name="pageSize" time="0.033" classname="com.testcase.elasticsearch.SearchEPPrd"/>
  <testcase name="searchLicenseManufDosage" time="0.040" classname="com.testcase.elasticsearch.SearchEPPrd"/>
</testsuite> <!-- com.testcase.elasticsearch.SearchEPPrd -->
