<?xml version="1.0" encoding="UTF-8"?>
<!-- Generated by org.testng.reporters.JUnitReportReporter -->
<testsuite hostname="Lenovo-Laptop" name="com.fufang.testcase.his.QueryPrescription" tests="2" failures="0" timestamp="16 Jan 2017 06:34:40 GMT" time="0.079" errors="0">
  <testcase name="invalidParams" time="0.035" classname="com.fufang.testcase.his.QueryPrescription"/>
  <testcase name="queryPrescription" time="0.044" classname="com.fufang.testcase.his.QueryPrescription"/>
</testsuite> <!-- com.fufang.testcase.his.QueryPrescription -->
